<?xml version="1.0" encoding="UTF-8"?>
<!-- Generated by org.testng.reporters.JUnitXMLReporter -->
<testsuite hostname="LAPTOP-AG6F347P" ignored="0" name="Test" tests="4" failures="0" timestamp="2020-01-12T14:15:16 EST" time="0.038" errors="0">
  <testcase name="testOne" time="0.005" classname="com.class1.TestNGDemo"/>
  <testcase name="testThree" time="0.0" classname="com.class1.TestNGDemo"/>
  <testcase name="testTwo" time="0.0" classname="com.class1.TestNGDemo"/>
  <testcase name="test" time="0.001" classname="com.class1.DifferentAnnotations"/>
</testsuite> <!-- Test -->
