<?xml version="1.0" encoding="UTF-8"?>
<!-- Generated by org.testng.reporters.JUnitXMLReporter -->
<testsuite hostname="LAPTOP-AG6F347P" ignored="22" name="Smoke Test" tests="4" failures="2" timestamp="2020-01-17T13:30:22 EST" time="16.29" errors="0">
  <testcase name="logoAndLogin" time="0.005" classname="com.class2.SoftAssertionDemo">
    <failure type="java.lang.NullPointerException">
      <![CDATA[java.lang.NullPointerException
at com.class2.SoftAssertionDemo.logoAndLogin(SoftAssertionDemo.java:29)
at java.util.ArrayList.forEach(Unknown Source)
... Removed 27 stack frames]]>
    </failure>
  </testcase> <!-- logoAndLogin -->
  <testcase name="validLogin" time="2.015" classname="com.class3.Groups"/>
  <testcase name="titleValidation" time="0.009" classname="com.class2.AssertionsDemo">
    <failure type="java.lang.AssertionError" message="Titles are NOT matched expected [Human Management Systems] but found [Human Management System]">
      <![CDATA[java.lang.AssertionError: Titles are NOT matched expected [Human Management Systems] but found [Human Management System]
at com.class2.AssertionsDemo.titleValidation(AssertionsDemo.java:24)
at java.util.ArrayList.forEach(Unknown Source)
... Removed 31 stack frames]]>
    </failure>
  </testcase> <!-- titleValidation -->
  <testcase name="validLogin" time="2.001" classname="com.class1.TitleLogoAndLoginVerification"/>
  <testcase name="verifyLogo" time="0.0" classname="com.class1.HW">
    <ignored/>
  </testcase> <!-- verifyLogo -->
  <testcase name="logovalidation" time="0.0" classname="com.class1.TitleLogoAndLoginVerification">
    <ignored/>
  </testcase> <!-- logovalidation -->
  <testcase name="testTwo" time="0.0" classname="com.class1.TestNGDemo">
    <ignored/>
  </testcase> <!-- testTwo -->
  <testcase name="TestTwo" time="0.0" classname="com.class1.TestNgTask">
    <ignored/>
  </testcase> <!-- TestTwo -->
  <testcase name="loginWithPassword" time="0.0" classname="com.class2.Task1Assertion">
    <ignored/>
  </testcase> <!-- loginWithPassword -->
  <testcase name="TestThree" time="0.0" classname="com.class1.TestNgTask">
    <ignored/>
  </testcase> <!-- TestThree -->
  <testcase name="loginWithPassword" time="0.0" classname="com.class2.Task2">
    <ignored/>
  </testcase> <!-- loginWithPassword -->
  <testcase name="negativeTest" time="0.0" classname="com.class2.HW2">
    <ignored/>
  </testcase> <!-- negativeTest -->
  <testcase name="testOne" time="0.0" classname="com.class1.TestNGDemo">
    <ignored/>
  </testcase> <!-- testOne -->
  <testcase name="loginWithoutPassword" time="0.0" classname="com.class2.Task1Assertion">
    <ignored/>
  </testcase> <!-- loginWithoutPassword -->
  <testcase name="TestOne" time="0.0" classname="com.class1.TestNgTask">
    <ignored/>
  </testcase> <!-- TestOne -->
  <testcase name="testThree" time="0.0" classname="com.class1.TestNGDemo">
    <ignored/>
  </testcase> <!-- testThree -->
  <testcase name="titleValidation" time="0.0" classname="com.class3.Groups">
    <ignored/>
  </testcase> <!-- titleValidation -->
  <testcase name="testMethod1" time="0.0" classname="com.class3.AlwaysRun">
    <ignored/>
  </testcase> <!-- testMethod1 -->
  <testcase name="titleValidation" time="0.0" classname="com.class1.TitleLogoAndLoginVerification">
    <ignored/>
  </testcase> <!-- titleValidation -->
  <testcase name="validationOfLogo" time="0.0" classname="com.class2.HW">
    <ignored/>
  </testcase> <!-- validationOfLogo -->
  <testcase name="test" time="0.0" classname="com.class1.DifferentAnnotations">
    <ignored/>
  </testcase> <!-- test -->
  <testcase name="validationOfMessage" time="0.0" classname="com.class2.HW">
    <ignored/>
  </testcase> <!-- validationOfMessage -->
  <testcase name="ActualTest" time="0.0" classname="com.class1.TestNgDemo2">
    <ignored/>
  </testcase> <!-- ActualTest -->
  <testcase name="testMethod" time="0.0" classname="com.class3.AlwaysRun">
    <ignored/>
  </testcase> <!-- testMethod -->
  <testcase name="validationOfmessage" time="0.0" classname="com.class1.HW">
    <ignored/>
  </testcase> <!-- validationOfmessage -->
  <testcase name="logoValidation" time="0.0" classname="com.class2.AssertionsDemo">
    <ignored/>
  </testcase> <!-- logoValidation -->
</testsuite> <!-- Smoke Test -->
