<?xml version="1.0" encoding="UTF-8"?>
<!-- Generated by org.testng.reporters.JUnitXMLReporter -->
<testsuite hostname="LAPTOP-AG6F347P" ignored="0" name="Login Test" tests="7" failures="0" timestamp="2020-01-15T17:09:53 EST" time="21.021" errors="0">
  <testcase name="testOne" time="0.003" classname="com.class1.TestNGDemo"/>
  <testcase name="testThree" time="0.001" classname="com.class1.TestNGDemo"/>
  <testcase name="testTwo" time="0.0" classname="com.class1.TestNGDemo"/>
  <testcase name="test" time="0.0" classname="com.class1.DifferentAnnotations"/>
  <testcase name="logovalidation" time="0.046" classname="com.class1.TitleLogoAndLoginVerification"/>
  <testcase name="titleValidation" time="0.005" classname="com.class1.TitleLogoAndLoginVerification"/>
  <testcase name="validLogin" time="4.921" classname="com.class1.TitleLogoAndLoginVerification"/>
</testsuite> <!-- Login Test -->
