<?xml version="1.0" encoding="UTF-8"?>
<testng-results skipped="0" failed="0" ignored="0" total="2" passed="2">
  <reporter-output>
  </reporter-output>
  <suite name="Default suite" duration-ms="13212" started-at="2020-01-19T23:30:09 EST" finished-at="2020-01-19T23:30:22 EST">
    <groups>
    </groups>
    <test name="Default test" duration-ms="13212" started-at="2020-01-19T23:30:09 EST" finished-at="2020-01-19T23:30:22 EST">
      <class name="com.class1.HW">
        <test-method status="PASS" signature="openBrowser()[pri:0, instance:com.class1.HW@4b4523f8]" name="openBrowser" is-config="true" duration-ms="4165" started-at="2020-01-19T23:30:09 EST" finished-at="2020-01-19T23:30:13 EST">
          <reporter-output>
          </reporter-output>
        </test-method> <!-- openBrowser -->
        <test-method status="PASS" signature="validationOfmessage()[pri:1, instance:com.class1.HW@4b4523f8]" name="validationOfmessage" duration-ms="368" started-at="2020-01-19T23:30:13 EST" finished-at="2020-01-19T23:30:14 EST">
          <reporter-output>
          </reporter-output>
        </test-method> <!-- validationOfmessage -->
        <test-method status="PASS" signature="closeBrowser()[pri:0, instance:com.class1.HW@4b4523f8]" name="closeBrowser" is-config="true" duration-ms="724" started-at="2020-01-19T23:30:14 EST" finished-at="2020-01-19T23:30:14 EST">
          <reporter-output>
          </reporter-output>
        </test-method> <!-- closeBrowser -->
        <test-method status="PASS" signature="openBrowser()[pri:0, instance:com.class1.HW@4b4523f8]" name="openBrowser" is-config="true" duration-ms="3478" started-at="2020-01-19T23:30:14 EST" finished-at="2020-01-19T23:30:18 EST">
          <reporter-output>
          </reporter-output>
        </test-method> <!-- openBrowser -->
        <test-method status="PASS" signature="verifyLogo()[pri:2, instance:com.class1.HW@4b4523f8]" name="verifyLogo" duration-ms="3724" started-at="2020-01-19T23:30:18 EST" depends-on-methods="com.class1.HW.validationOfmessage" finished-at="2020-01-19T23:30:22 EST">
          <reporter-output>
          </reporter-output>
        </test-method> <!-- verifyLogo -->
        <test-method status="PASS" signature="closeBrowser()[pri:0, instance:com.class1.HW@4b4523f8]" name="closeBrowser" is-config="true" duration-ms="717" started-at="2020-01-19T23:30:22 EST" finished-at="2020-01-19T23:30:22 EST">
          <reporter-output>
          </reporter-output>
        </test-method> <!-- closeBrowser -->
      </class> <!-- com.class1.HW -->
    </test> <!-- Default test -->
  </suite> <!-- Default suite -->
</testng-results>
